INFO:root:created forum Associations
INFO:root:created forum Board
INFO:root:created forum Build and Test
INFO:root:created forum Document
INFO:root:created forum Discussions
INFO:root:created forum Getting Started
INFO:root:created forum Integrated Applications
INFO:root:created forum Lab Management
INFO:root:created forum Migration
INFO:root:created forum News
INFO:root:created forum Planning folder
INFO:root:created forum Project Administrator
INFO:root:created forum Project
INFO:root:created forum References
INFO:root:created forum Reports
INFO:root:created forum Roles and Permissions
INFO:root:created forum Search
INFO:root:created forum Site Administrator
INFO:root:created forum Source code
INFO:root:created forum Task
INFO:root:created forum Tracker
INFO:root:created forum Wiki
INFO:root:created forum Security
INFO:root:created forum General
INFO:root:created forum FAQ – Lab Management
INFO:root:created forum FAQ – Roles and Permissions
INFO:root:created forum FAQ – Common errors
INFO:root:created forum FAQ - General
INFO:root:created forum FAQ - Association
INFO:root:created forum FAQ - Document
INFO:root:created forum FAQ - Discussion
INFO:root:created forum FAQ - Project
INFO:root:created forum FAQ - Subversion
INFO:root:created forum FAQ – Integrated Application
INFO:root:created forum FAQ - Tracker
INFO:root:created forum FAQ – Terms and Definitions
INFO:root:created forum FAQ – Planning Folder
INFO:root:created forum FAQ - Reports
INFO:root:created forum FAQ - Search
INFO:root:created forum FAQ - Task
INFO:root:created forum FAQ - Wiki
INFO:root:created forum Associations
INFO:root:created forum Associations
INFO:root:created forum Board
INFO:root:created forum Build and Test
INFO:root:created forum Associations
INFO:root:created forum Board
INFO:root:created forum Build and Test
INFO:root:created forum Document
INFO:root:created forum Discussions
INFO:root:created forum Getting Started
INFO:root:created forum Integrated Applications
INFO:root:created forum Lab Management
INFO:root:created forum Migration
INFO:root:created forum News
INFO:root:created forum Planning folder
INFO:root:created forum Project Administrator
INFO:root:created forum Project
INFO:root:created forum References
INFO:root:created forum Reports
INFO:root:created forum Roles and Permissions
INFO:root:created forum Search
INFO:root:created forum Site Administrator
INFO:root:created forum Source code
INFO:root:created forum Task
INFO:root:created forum Tracker
INFO:root:created forum Wiki
INFO:root:created forum Security
INFO:root:created forum General
INFO:root:created forum FAQ – Lab Management
INFO:root:created forum FAQ – Roles and Permissions
INFO:root:created forum FAQ – Common errors
INFO:root:created forum FAQ - General
INFO:root:created forum FAQ - Association
INFO:root:created forum FAQ - Document
INFO:root:created forum FAQ - Discussion
INFO:root:created forum FAQ - Project
INFO:root:created forum FAQ - Subversion
INFO:root:created forum FAQ – Integrated Application
INFO:root:created forum FAQ - Tracker
INFO:root:created forum FAQ – Terms and Definitions
INFO:root:created forum FAQ – Planning Folder
INFO:root:created forum FAQ - Reports
INFO:root:created forum FAQ - Search
INFO:root:created forum FAQ - Task
INFO:root:created forum FAQ - Wiki
INFO:root:created forum Associations
INFO:root:created forum Board
INFO:root:created forum Build and Test
INFO:root:created forum Document
INFO:root:created forum Discussions
INFO:root:created section Associations
INFO:root:created section Board
INFO:root:created section Build and Test
INFO:root:created section Document
INFO:root:created section Discussions
INFO:root:created section Getting Started
INFO:root:created section Integrated Applications
INFO:root:created section Lab Management
INFO:root:created section Migration
INFO:root:created section News
INFO:root:created section Planning folder
INFO:root:created section Project Administrator
INFO:root:created section Project
INFO:root:created section References
INFO:root:created section Reports
INFO:root:created section Roles and Permissions
INFO:root:created section Search
INFO:root:created section Site Administrator
INFO:root:created section Source code
INFO:root:created section Task
INFO:root:created section Tracker
INFO:root:created section Wiki
INFO:root:created section Security
INFO:root:created section General
INFO:root:created section FAQ – Lab Management
INFO:root:created section FAQ – Roles and Permissions
INFO:root:created section FAQ – Common errors
INFO:root:created section FAQ - General
INFO:root:created section FAQ - Association
INFO:root:created section FAQ - Document
INFO:root:created section FAQ - Discussion
INFO:root:created section FAQ - Project
INFO:root:created section FAQ - Subversion
INFO:root:created section FAQ – Integrated Application
INFO:root:created section FAQ - Tracker
INFO:root:created section FAQ – Terms and Definitions
INFO:root:created section FAQ – Planning Folder
INFO:root:created section FAQ - Reports
INFO:root:created section FAQ - Search
INFO:root:created section FAQ - Task
INFO:root:created section FAQ - Wiki
INFO:root:created section Associations
INFO:root:created section Board
INFO:root:created section Build and Test
INFO:root:created section Document
INFO:root:created section Discussions
INFO:root:created section Getting Started
INFO:root:created section Integrated Applications
INFO:root:created section Lab Management
INFO:root:created section Migration
INFO:root:created section News
INFO:root:created section Planning folder
INFO:root:created section Project Administrator
INFO:root:created section Project
INFO:root:created section References
INFO:root:created section Reports
INFO:root:created section Roles and Permissions
INFO:root:created section Search
INFO:root:created section Site Administrator
INFO:root:created section Source code
INFO:root:created section Task
INFO:root:created section Tracker
INFO:root:created section Wiki
INFO:root:created section Security
INFO:root:created section General
INFO:root:created section Associations
INFO:root:created section Board
INFO:root:created section Build and Test
INFO:root:created section Document
INFO:root:created section Discussions
INFO:root:created section Getting Started
INFO:root:created section Integrated Applications
INFO:root:created section Lab Management
INFO:root:created section Migration
INFO:root:created section News
INFO:root:created section Planning folder
INFO:root:created section Project Administrator
INFO:root:created section Project
INFO:root:created section References
INFO:root:created section Reports
INFO:root:created section Roles and Permissions
INFO:root:created section Search
INFO:root:created section Site Administrator
INFO:root:created section Source code
INFO:root:created section Task
INFO:root:created section Tracker
INFO:root:created section Wiki
INFO:root:created section Security
INFO:root:created section General
INFO:root:created section FAQ – Lab Management
INFO:root:created section FAQ – Roles and Permissions
INFO:root:created section FAQ – Common errors
INFO:root:created section FAQ - General
INFO:root:created section FAQ - Association
INFO:root:created section FAQ - Document
INFO:root:created section FAQ - Discussion
INFO:root:created section FAQ - Project
INFO:root:created section FAQ - Subversion
INFO:root:created section FAQ – Integrated Application
INFO:root:created section FAQ - Tracker
INFO:root:created section FAQ – Terms and Definitions
INFO:root:created section FAQ – Planning Folder
INFO:root:created section FAQ - Reports
INFO:root:created section FAQ - Search
INFO:root:created section FAQ - Task
INFO:root:created section FAQ - Wiki
INFO:root:created section Associations
INFO:root:created section Board
INFO:root:created section Build and Test
INFO:root:created section Document
INFO:root:created section Discussions
INFO:root:created section Getting Started
INFO:root:created section Integrated Applications
INFO:root:created section Lab Management
INFO:root:created section Migration
INFO:root:created section News
INFO:root:created section Planning folder
INFO:root:created section Project Administrator
INFO:root:created section Project
INFO:root:created section References
INFO:root:created section Reports
INFO:root:created section Roles and Permissions
INFO:root:created section Search
INFO:root:created section Site Administrator
INFO:root:created section Source code
INFO:root:created section Task
INFO:root:created section Tracker
INFO:root:created section Wiki
INFO:root:created section Security
INFO:root:created section General
INFO:root:created section FAQ – Lab Management
INFO:root:created section FAQ – Roles and Permissions
INFO:root:created section FAQ – Common errors
INFO:root:created section FAQ - General
INFO:root:created section FAQ - Association
INFO:root:created section FAQ - Document
INFO:root:created section FAQ - Discussion
INFO:root:created section FAQ - Project
INFO:root:created section FAQ - Subversion
INFO:root:created section FAQ – Integrated Application
INFO:root:created section FAQ - Tracker
INFO:root:created section FAQ – Terms and Definitions
INFO:root:created section FAQ – Planning Folder
INFO:root:created section FAQ - Reports
INFO:root:created section FAQ - Search
INFO:root:created section FAQ - Task
INFO:root:created section FAQ - Wiki
INFO:root:created section Associations
INFO:root:created section Board
INFO:root:created section Build and Test
INFO:root:created section Document
INFO:root:created section Discussions
INFO:root:created section Getting Started
INFO:root:created section Integrated Applications
INFO:root:created section Lab Management
INFO:root:created section Migration
INFO:root:created section News
INFO:root:created section Planning folder
INFO:root:created section Project Administrator
INFO:root:created section Project
INFO:root:created section References
INFO:root:created section Reports
INFO:root:created section Roles and Permissions
INFO:root:created section Search
INFO:root:created section Site Administrator
INFO:root:created section System Administrator
INFO:root:created section Source code
INFO:root:created section Task
INFO:root:created section Tracker
INFO:root:created section Wiki
INFO:root:created section Security
INFO:root:created section General
INFO:root:created section FAQ - Lab Management
INFO:root:created section FAQ - Roles and Permissions
INFO:root:created section FAQ - Common errors
INFO:root:created section FAQ - General
INFO:root:created section FAQ - Association
INFO:root:created section FAQ - Document
INFO:root:created section FAQ - Discussion
INFO:root:created section FAQ - Project
INFO:root:created section FAQ - Subversion
INFO:root:created section FAQ - Integrated Application
INFO:root:created section FAQ - Tracker
INFO:root:created section FAQ - Terms and Definitions
INFO:root:created section FAQ - Planning Folder
INFO:root:created section FAQ - Reports
INFO:root:created section FAQ - Search
INFO:root:created section FAQ - Task
INFO:root:created section FAQ - Wiki
INFO:root:created section Associations
INFO:root:created section Board
INFO:root:created section Build and Test
INFO:root:created section Document
INFO:root:created section Discussions
INFO:root:created section Getting Started
INFO:root:created section Integrated Applications
INFO:root:created section Lab Management
INFO:root:created section Migration
INFO:root:created section News
INFO:root:created section Planning folder
INFO:root:created section Project Administrator
INFO:root:created section Project
INFO:root:created section References
INFO:root:created section Reports
INFO:root:created section Roles and Permissions
INFO:root:created section Search
INFO:root:created section Site Administrator
INFO:root:created section Source Code
INFO:root:created section Task
INFO:root:created section Tracker
INFO:root:created section Wiki
INFO:root:created section Security
INFO:root:created section General
INFO:root:created section Reference Library
INFO:root:created section FAQ - Lab Management
INFO:root:created section FAQ - Roles and Permissions
INFO:root:created section FAQ - Common Errors
INFO:root:created section FAQ - General
INFO:root:created section FAQ - Association
INFO:root:created section FAQ - Document
INFO:root:created section FAQ - Discussion
INFO:root:created section FAQ - Project
INFO:root:created section FAQ - Subversion
INFO:root:created section FAQ - Integrated Application
INFO:root:created section FAQ - Tracker
INFO:root:created section FAQ - Terms and Definitions
INFO:root:created section FAQ - Planning Folder
INFO:root:created section FAQ - Reports
INFO:root:created section FAQ - Search
INFO:root:created section FAQ - Task
INFO:root:created section FAQ - Wiki
INFO:root:created section FAQ - News
INFO:root:created section FAQ - Troubleshooting
INFO:root:created section Associations
INFO:root:created section Board
INFO:root:created section Build and Test
INFO:root:created section Document
INFO:root:created section Discussions
INFO:root:created section Getting Started
INFO:root:created section Integrated Applications
INFO:root:created section Lab Management
INFO:root:created section Migration
INFO:root:created section News
INFO:root:created section Planning Folder
INFO:root:created section Project Administrator
INFO:root:created section Project
INFO:root:created section References
INFO:root:created section Reports
INFO:root:created section Roles and Permissions
INFO:root:created section Search
INFO:root:created section Site Administrator
INFO:root:created section Source Code
INFO:root:created section Task
INFO:root:created section Tracker
INFO:root:created section Wiki
INFO:root:created section Security
INFO:root:created section General
INFO:root:created section Reference Library
INFO:root:created section FAQ - Lab Management
INFO:root:created section FAQ - Roles and Permissions
INFO:root:created section FAQ - Common Errors
INFO:root:created section FAQ - General
INFO:root:created section FAQ - Association
INFO:root:created section FAQ - Document
INFO:root:created section FAQ - Discussion
INFO:root:created section FAQ - Project
INFO:root:created section FAQ - Subversion
INFO:root:created section FAQ - Integrated Application
INFO:root:created section FAQ - Tracker
INFO:root:created section FAQ - Terms and Definitions
INFO:root:created section FAQ - Planning Folder
INFO:root:created section FAQ - Reports
INFO:root:created section FAQ - Search
INFO:root:created section FAQ - Task
INFO:root:created section FAQ - Wiki
INFO:root:created section FAQ - News
INFO:root:created section FAQ - Troubleshooting
INFO:root:created section Associations
INFO:root:created section Board
INFO:root:created section Build and Test
INFO:root:created section Document
INFO:root:created section Discussions
INFO:root:created section Getting Started
INFO:root:created section Integrated Applications
INFO:root:created section Lab Management
INFO:root:created section Migration
INFO:root:created section News
INFO:root:created section Planning Folder
INFO:root:created section Project Administrator
INFO:root:created section Project
INFO:root:created section References
INFO:root:created section Reports
INFO:root:created section Roles and Permissions
INFO:root:created section Search
INFO:root:created section Site Administrator
INFO:root:created section Source Code
INFO:root:created section Task
INFO:root:created section Tracker
INFO:root:created section Wiki
INFO:root:created section Security
INFO:root:created section General
INFO:root:created section Reference Library
INFO:root:created section FAQ - Lab Management
INFO:root:created section FAQ - Roles and Permissions
INFO:root:created section FAQ - Common Errors
INFO:root:created section FAQ - General
INFO:root:created section FAQ - Association
INFO:root:created section FAQ - Document
INFO:root:created section FAQ - Discussion
INFO:root:created section FAQ - Project
INFO:root:created section FAQ - Subversion
INFO:root:created section FAQ - Integrated Application
INFO:root:created section FAQ - Tracker
INFO:root:created section FAQ - Terms and Definitions
INFO:root:created section FAQ - Planning Folder
INFO:root:created section FAQ - Reports
INFO:root:created section FAQ - Search
INFO:root:created section FAQ - Task
INFO:root:created section FAQ - Wiki
INFO:root:created section FAQ - News
INFO:root:created section FAQ - Troubleshooting
