INFO:root:Logged in OCN 
INFO:root:Searching for email it@laserfiche.com
INFO:root:Email not Found it@laserfiche.com
INFO:root:Searching for email jacob.thirion@commercebank.com
INFO:root:Found email jacob.thirion@commercebank.com
INFO:root:Searching for email bradley.williams@commercebank.com
INFO:root:Email not Found bradley.williams@commercebank.com
INFO:root:Searching for email dwestnedge@yodlee.com
INFO:root:Email not Found dwestnedge@yodlee.com
INFO:root:Searching for email mjean@line6.com
INFO:root:Email not Found mjean@line6.com
INFO:root:Searching for email hdurand@line6.com
INFO:root:Email not Found hdurand@line6.com
INFO:root:Searching for email ytaljard@minerpsolutions.com
INFO:root:Email not Found ytaljard@minerpsolutions.com
INFO:root:Searching for email veikko.juusola@m-files.com
INFO:root:Email not Found veikko.juusola@m-files.com
INFO:root:Searching for email petteri.heinonen@m-files.com
INFO:root:Email not Found petteri.heinonen@m-files.com
INFO:root:Searching for email andreas.bredesen@kongsberg.com
INFO:root:Email not Found andreas.bredesen@kongsberg.com
INFO:root:Searching for email arne.goderstad@kongsberg.com
INFO:root:Email not Found arne.goderstad@kongsberg.com
INFO:root:Searching for email stoyan.angelov@comptel.com
INFO:root:Email not Found stoyan.angelov@comptel.com
INFO:root:Searching for email peter.denev@comptel.com
INFO:root:Found email peter.denev@comptel.com
INFO:root:Searching for email gdurisch@hamilton-medical.ch
INFO:root:Found email gdurisch@hamilton-medical.ch
INFO:root:Searching for email tim.johns@dashwire.com
INFO:root:Email not Found tim.johns@dashwire.com
INFO:root:Searching for email michael.litcofsky@draeger.com
INFO:root:Found email michael.litcofsky@draeger.com
INFO:root:Searching for email luis.diaz@draeger.com
INFO:root:Email not Found luis.diaz@draeger.com
INFO:root:Searching for email sroushani@brslabs.com
INFO:root:Email not Found sroushani@brslabs.com
INFO:root:Searching for email chickox@caci.com
INFO:root:Email not Found chickox@caci.com
INFO:root:Searching for email rywatson@caci.com
INFO:root:Found email rywatson@caci.com
INFO:root:Searching for email plueders@caci.com
INFO:root:Email not Found plueders@caci.com
INFO:root:Searching for email skashfi@caci.com
INFO:root:Found email skashfi@caci.com
INFO:root:Searching for email robert.martino@ngc.com
INFO:root:Email not Found robert.martino@ngc.com
INFO:root:Searching for email stephen.sheard@dyson.com
INFO:root:Email not Found stephen.sheard@dyson.com
INFO:root:Searching for email lcurrier@irobot.com
INFO:root:Email not Found lcurrier@irobot.com
INFO:root:Searching for email rmcfatter@irobot.com
INFO:root:Email not Found rmcfatter@irobot.com
INFO:root:Searching for email tj@thermoanalytics.com
INFO:root:Email not Found tj@thermoanalytics.com
INFO:root:Searching for email mark.tudor@termana.com
INFO:root:Email not Found mark.tudor@termana.com
INFO:root:Searching for email rgeorge@alung.com
INFO:root:Found email rgeorge@alung.com
INFO:root:Searching for email stephane.lachaud@schneider-electric.com
INFO:root:Found email stephane.lachaud@schneider-electric.com
INFO:root:Searching for email li-lilian.zhang@schneider-electric.com
INFO:root:Found email li-lilian.zhang@schneider-electric.com
INFO:root:Searching for email kimberly.flynn@schneider-electric.com
INFO:root:Found email kimberly.flynn@schneider-electric.com
