INFO:root:Logged in OCN 
INFO:root:Searching for email trevor.monk@ca.schneider-electric.com
INFO:root:Email not Found trevor.monk@ca.schneider-electric.com
INFO:root:Searching for email jesper.poulsen@dk.schneider-electric.com
INFO:root:Email not Found jesper.poulsen@dk.schneider-electric.com
INFO:root:Searching for email peter.x.larsson@tdc.se
INFO:root:Email not Found peter.x.larsson@tdc.se
INFO:root:Searching for email diana.tearle@evault.com
INFO:root:Email not Found diana.tearle@evault.com
INFO:root:Searching for email denise.janse@i365.com
INFO:root:Email not Found denise.janse@i365.com
INFO:root:Searching for email jeanie.conner@laserfiche.com
INFO:root:Found email jeanie.conner@laserfiche.com
INFO:root:Searching for email it@laserfiche.com
INFO:root:Email not Found it@laserfiche.com
INFO:root:Searching for email jacob.thirion@commercebank.com
INFO:root:Found email jacob.thirion@commercebank.com
INFO:root:Searching for email bradley.williams@commercebank.com
INFO:root:Email not Found bradley.williams@commercebank.com
INFO:root:Searching for email rsoni1@yodlee.com
INFO:root:Email not Found rsoni1@yodlee.com
INFO:root:Searching for email dwestnedge@yodlee.com
INFO:root:Email not Found dwestnedge@yodlee.com
INFO:root:Searching for email sreedhar@yodlee.com
INFO:root:Email not Found sreedhar@yodlee.com
INFO:root:Searching for email ssebastian@yodlee.com
INFO:root:Email not Found ssebastian@yodlee.com
INFO:root:Searching for email rchachare@yodlee.com
INFO:root:Email not Found rchachare@yodlee.com
INFO:root:Searching for email mjean@line6.com
INFO:root:Email not Found mjean@line6.com
INFO:root:Searching for email hdurand@line6.com
INFO:root:Email not Found hdurand@line6.com
INFO:root:Searching for email ytaljard@minerpsolutions.com
INFO:root:Email not Found ytaljard@minerpsolutions.com
INFO:root:Searching for email wenze.hu@orange-ftgroup.com
INFO:root:Email not Found wenze.hu@orange-ftgroup.com
INFO:root:Searching for email scampbell@enercon.com
INFO:root:Found email scampbell@enercon.com
INFO:root:Searching for email veikko.juusola@m-files.com
INFO:root:Email not Found veikko.juusola@m-files.com
INFO:root:Searching for email petteri.heinonen@m-files.com
INFO:root:Email not Found petteri.heinonen@m-files.com
INFO:root:Searching for email andreas.bredesen@kongsberg.com
INFO:root:Email not Found andreas.bredesen@kongsberg.com
INFO:root:Searching for email arne.goderstad@kongsberg.com
INFO:root:Email not Found arne.goderstad@kongsberg.com
INFO:root:Searching for email stoyan.angelov@comptel.com
INFO:root:Email not Found stoyan.angelov@comptel.com
INFO:root:Searching for email peter.denev@comptel.com
INFO:root:Found email peter.denev@comptel.com
INFO:root:Searching for email gdurisch@hamilton-medical.ch
INFO:root:Found email gdurisch@hamilton-medical.ch
INFO:root:Searching for email tim.johns@dashwire.com
INFO:root:Email not Found tim.johns@dashwire.com
INFO:root:Searching for email tholman@dashwire.com
INFO:root:Email not Found tholman@dashwire.com
INFO:root:Searching for email sforde@amazon.com
INFO:root:Email not Found sforde@amazon.com
INFO:root:Searching for email nigelp@amazon.com
INFO:root:Email not Found nigelp@amazon.com
INFO:root:Searching for email topham@amazon.com
INFO:root:Email not Found topham@amazon.com
INFO:root:Searching for email amy.preston@synopsys.com
INFO:root:Email not Found amy.preston@synopsys.com
INFO:root:Searching for email lesliew@synopsys.com
INFO:root:Email not Found lesliew@synopsys.com
INFO:root:Searching for email michael.litcofsky@draeger.com
INFO:root:Found email michael.litcofsky@draeger.com
INFO:root:Searching for email mark.mcfadden@draeger.com
INFO:root:Email not Found mark.mcfadden@draeger.com
INFO:root:Searching for email blake.whitney@draeger.com
INFO:root:Email not Found blake.whitney@draeger.com
INFO:root:Searching for email jolyn.rutledge@draeger.com
INFO:root:Email not Found jolyn.rutledge@draeger.com
INFO:root:Searching for email luis.diaz@draeger.com
INFO:root:Email not Found luis.diaz@draeger.com
INFO:root:Searching for email sroushani@brslabs.com
INFO:root:Email not Found sroushani@brslabs.com
INFO:root:Searching for email chickox@caci.com
INFO:root:Email not Found chickox@caci.com
INFO:root:Searching for email rywatson@caci.com
INFO:root:Found email rywatson@caci.com
INFO:root:Searching for email plueders@caci.com
INFO:root:Email not Found plueders@caci.com
INFO:root:Searching for email skashfi@caci.com
INFO:root:Found email skashfi@caci.com
INFO:root:Searching for email robert.martino@ngc.com
INFO:root:Email not Found robert.martino@ngc.com
INFO:root:Searching for email stephen.sheard@dyson.com
INFO:root:Email not Found stephen.sheard@dyson.com
INFO:root:Searching for email mike.aldred@dyson.com
INFO:root:Email not Found mike.aldred@dyson.com
INFO:root:Searching for email david.sellars@dyson.com
INFO:root:Email not Found david.sellars@dyson.com
INFO:root:Searching for email lcurrier@irobot.com
INFO:root:Email not Found lcurrier@irobot.com
INFO:root:Searching for email jcheuvront@irobot.com
INFO:root:Email not Found jcheuvront@irobot.com
INFO:root:Searching for email tfield@irobot.com
INFO:root:Email not Found tfield@irobot.com
INFO:root:Searching for email rmcfatter@irobot.com
INFO:root:Email not Found rmcfatter@irobot.com
INFO:root:Searching for email tj@thermoanalytics.com
INFO:root:Email not Found tj@thermoanalytics.com
INFO:root:Searching for email mark.tudor@termana.com
INFO:root:Email not Found mark.tudor@termana.com
INFO:root:Searching for email walt.soderman@termana.com
INFO:root:Email not Found walt.soderman@termana.com
INFO:root:Searching for email jargyros@alung.com
INFO:root:Email not Found jargyros@alung.com
INFO:root:Searching for email rgeer@alung.com
INFO:root:Email not Found rgeer@alung.com
INFO:root:Searching for email rgeorge@alung.com
INFO:root:Found email rgeorge@alung.com
INFO:root:Searching for email christian.baumann@zmdi.com
INFO:root:Email not Found christian.baumann@zmdi.com
INFO:root:Searching for email lszalvay@solutionsiq.com
INFO:root:Email not Found lszalvay@solutionsiq.com
INFO:root:Searching for email stephane.lachaud@schneider-electric.com
INFO:root:Found email stephane.lachaud@schneider-electric.com
INFO:root:Searching for email li-lilian.zhang@schneider-electric.com
INFO:root:Found email li-lilian.zhang@schneider-electric.com
INFO:root:Searching for email kimberly.flynn@schneider-electric.com
INFO:root:Found email kimberly.flynn@schneider-electric.com
INFO:root:Searching for email tobias.hofmann@schneider-electric.com
INFO:root:Email not Found tobias.hofmann@schneider-electric.com
INFO:root:Searching for email frederique.digeon@schneider-electric.com
INFO:root:Found email frederique.digeon@schneider-electric.com
INFO:root:Searching for email ashwin2.kumar@schneider-electric.com
INFO:root:Found email ashwin2.kumar@schneider-electric.com
INFO:root:Searching for email roddy.shearer@seemis.gov.uk
INFO:root:Email not Found roddy.shearer@seemis.gov.uk
INFO:root:Searching for email christine.smith@seemis.gov.uk
INFO:root:Email not Found christine.smith@seemis.gov.uk
INFO:root:Searching for email tajaeger@cgintl.com
INFO:root:Email not Found tajaeger@cgintl.com
INFO:root:Searching for email nfox@repairclinic.com
INFO:root:Found email nfox@repairclinic.com
INFO:root:Searching for email spearen@repairclinic.com
INFO:root:Email not Found spearen@repairclinic.com
INFO:root:Searching for email peter.marton@surfcam.com
INFO:root:Email not Found peter.marton@surfcam.com
INFO:root:Searching for email gagan.arora@surfcam.com
INFO:root:Email not Found gagan.arora@surfcam.com
INFO:root:Searching for email towler@ccdc.cam.ac.uk
INFO:root:Found email towler@ccdc.cam.ac.uk
INFO:root:Searching for email thomas@ccdc.cam.ac.uk
INFO:root:Email not Found thomas@ccdc.cam.ac.uk
INFO:root:Searching for email macrae@ccdc.cam.ac.uk
INFO:root:Email not Found macrae@ccdc.cam.ac.uk
INFO:root:Searching for email ktaylor@ccdc.cam.ac.uk
INFO:root:Email not Found ktaylor@ccdc.cam.ac.uk
INFO:root:Searching for email richard.hagans@lmco.com
INFO:root:Email not Found richard.hagans@lmco.com
INFO:root:Searching for email rainer.leicht@raiffeisen.ch
INFO:root:Email not Found rainer.leicht@raiffeisen.ch
INFO:root:Searching for email ralph.goebel@raiffeisen.ch
INFO:root:Email not Found ralph.goebel@raiffeisen.ch
INFO:root:Searching for email walter.schmiedl@raiffeisen.ch
INFO:root:Email not Found walter.schmiedl@raiffeisen.ch
INFO:root:Searching for email michael.lorenzi@raiffeisen.ch
INFO:root:Found email michael.lorenzi@raiffeisen.ch
INFO:root:Searching for email gerbert.orasche@avl.com
INFO:root:Email not Found gerbert.orasche@avl.com
INFO:root:Searching for email ricklin.nelson@lfg.com
INFO:root:Email not Found ricklin.nelson@lfg.com
INFO:root:Searching for email steve.byers@lfg.com
INFO:root:Found email steve.byers@lfg.com
INFO:root:Searching for email sandra.kendrick@lmco.com
INFO:root:Email not Found sandra.kendrick@lmco.com
INFO:root:Searching for email boegesj@appliedbiosystems.com
INFO:root:Email not Found boegesj@appliedbiosystems.com
INFO:root:Searching for email brodyms@appliedbiosystems.com
INFO:root:Found email brodyms@appliedbiosystems.com
INFO:root:Searching for email orest.kihevka@lifetech.com
INFO:root:Email not Found orest.kihevka@lifetech.com
INFO:root:Searching for email sanghahs@appliedbiosystems.com
INFO:root:Email not Found sanghahs@appliedbiosystems.com
INFO:root:Searching for email anh.phi@lifetech.com
INFO:root:Found email anh.phi@lifetech.com
INFO:root:Searching for email fay.austin@appliedbiosystems.com
INFO:root:Found email fay.austin@appliedbiosystems.com
INFO:root:Searching for email randy.lagman@lifetech.com
INFO:root:Found email randy.lagman@lifetech.com
INFO:root:Searching for email robert.bridenbecker@thermofisher.com
INFO:root:Found email robert.bridenbecker@thermofisher.com
INFO:root:Searching for email conrad.berg@lifetech.com
INFO:root:Email not Found conrad.berg@lifetech.com
INFO:root:Searching for email domenico.alessi@ericsson.com
INFO:root:Found email domenico.alessi@ericsson.com
INFO:root:Searching for email david.partain@ericsson.com
INFO:root:Found email david.partain@ericsson.com
INFO:root:Searching for email isaac.campbell@ericsson.com
INFO:root:Found email isaac.campbell@ericsson.com
INFO:root:Searching for email reza.charghi@ericsson.com
INFO:root:Found email reza.charghi@ericsson.com
INFO:root:Searching for email emilio.palmiero@ericsson.com
INFO:root:Found email emilio.palmiero@ericsson.com
INFO:root:Searching for email payel.chowdhury@ericsson.com
INFO:root:Email not Found payel.chowdhury@ericsson.com
INFO:root:Searching for email michael.abramov@ericsson.com
INFO:root:Found email michael.abramov@ericsson.com
INFO:root:Searching for email sonal.das@ericsson.com
INFO:root:Found email sonal.das@ericsson.com
INFO:root:Searching for email sandip.r.roy@ericsson.com
INFO:root:Email not Found sandip.r.roy@ericsson.com
INFO:root:Searching for email sprouls@dhw.idaho.gov
INFO:root:Email not Found sprouls@dhw.idaho.gov
INFO:root:Searching for email wolfea@dhw.idaho.gov
INFO:root:Email not Found wolfea@dhw.idaho.gov
INFO:root:Searching for email dickersonp@dhw.idaho.gov
INFO:root:Found email dickersonp@dhw.idaho.gov
INFO:root:Searching for email nesslagg@dhw.idaho.gov
INFO:root:Found email nesslagg@dhw.idaho.gov
INFO:root:Searching for email deborah_teng@ontla.ola.org
INFO:root:Email not Found deborah_teng@ontla.ola.org
INFO:root:Searching for email gsmith@mimillers.com
INFO:root:Email not Found gsmith@mimillers.com
INFO:root:Searching for email drountree@mimillers.com
INFO:root:Email not Found drountree@mimillers.com
INFO:root:Searching for email kbye@mimillers.com
INFO:root:Email not Found kbye@mimillers.com
INFO:root:Searching for email todd.winegar@unisys.com
INFO:root:Found email todd.winegar@unisys.com
INFO:root:Searching for email krishna.gopu@unisys.com
INFO:root:Found email krishna.gopu@unisys.com
INFO:root:Searching for email lynne.smith@unisys.com
INFO:root:Email not Found lynne.smith@unisys.com
INFO:root:Searching for email liz.voss@simplot.com
INFO:root:Found email liz.voss@simplot.com
INFO:root:Searching for email tony.adams@simplot.com
INFO:root:Found email tony.adams@simplot.com
INFO:root:Searching for email heather.ingram@probuild.com
INFO:root:Email not Found heather.ingram@probuild.com
INFO:root:Searching for email ken.conway@probuild.com
INFO:root:Email not Found ken.conway@probuild.com
INFO:root:Searching for email jeff.crawford@probuild.com
INFO:root:Found email jeff.crawford@probuild.com
INFO:root:Searching for email tom.witmer@probuild.com
INFO:root:Email not Found tom.witmer@probuild.com
INFO:root:Searching for email rob.ford@probuild.com
INFO:root:Email not Found rob.ford@probuild.com
INFO:root:Searching for email softwareprocurement@ge.com
INFO:root:Email not Found softwareprocurement@ge.com
INFO:root:Searching for email jocelyn@pinger.com
INFO:root:Email not Found jocelyn@pinger.com
INFO:root:Searching for email mra@mjolner.dk
INFO:root:Email not Found mra@mjolner.dk
INFO:root:Searching for email nigel.carpenter@arielcommunications.co.uk
INFO:root:Email not Found nigel.carpenter@arielcommunications.co.uk
INFO:root:Searching for email operations@arielcommunications.co.uk
INFO:root:Email not Found operations@arielcommunications.co.uk
INFO:root:Searching for email keir.frampton@arielcommunications.co.uk
INFO:root:Email not Found keir.frampton@arielcommunications.co.uk
INFO:root:Searching for email prains32@gmail.com
INFO:root:Email not Found prains32@gmail.com
INFO:root:Searching for email sharon.wallace@arielcommunications.co.uk
INFO:root:Email not Found sharon.wallace@arielcommunications.co.uk
INFO:root:Searching for email mark.fleming@digimarc.com
INFO:root:Found email mark.fleming@digimarc.com
INFO:root:Searching for email david.cavender@digimarc.com
INFO:root:Email not Found david.cavender@digimarc.com
INFO:root:Searching for email josh.bickel@digimarc.com
INFO:root:Email not Found josh.bickel@digimarc.com
INFO:root:Searching for email emarasco@qpass.com
INFO:root:Email not Found emarasco@qpass.com
INFO:root:Searching for email bruce.painter@amdocs.com
INFO:root:Email not Found bruce.painter@amdocs.com
INFO:root:Searching for email curtis.childs@int.com
INFO:root:Email not Found curtis.childs@int.com
INFO:root:Searching for email hugues.thevoux@int.com
INFO:root:Email not Found hugues.thevoux@int.com
INFO:root:Searching for email jon.hovermale@bp.com
INFO:root:Email not Found jon.hovermale@bp.com
INFO:root:Searching for email peter.salonen@posti.fi
INFO:root:Email not Found peter.salonen@posti.fi
INFO:root:Searching for email ext-erkki.pulliainen@itella.com
INFO:root:Email not Found ext-erkki.pulliainen@itella.com
INFO:root:Searching for email jason.js.kim@samsung.com
INFO:root:Email not Found jason.js.kim@samsung.com
INFO:root:Searching for email s.roe@samsung.com
INFO:root:Email not Found s.roe@samsung.com
INFO:root:Searching for email s.jarratt@samsung.com
INFO:root:Email not Found s.jarratt@samsung.com
INFO:root:Searching for email outey.ky@sanofi.com
INFO:root:Email not Found outey.ky@sanofi.com
INFO:root:Searching for email laurent.thomassin@sanofi.com
INFO:root:Found email laurent.thomassin@sanofi.com
INFO:root:Searching for email sbalbo@esri.com
INFO:root:Email not Found sbalbo@esri.com
INFO:root:Searching for email pdolemieux@esri.com
INFO:root:Email not Found pdolemieux@esri.com
INFO:root:Searching for email netops@endeca.com
INFO:root:Email not Found netops@endeca.com
INFO:root:Searching for email charlton.kao@oracle.com
INFO:root:Email not Found charlton.kao@oracle.com
INFO:root:Searching for email jon.busconi@oracle.com
INFO:root:Email not Found jon.busconi@oracle.com
INFO:root:Searching for email ryan.cleary@oracle.com
INFO:root:Email not Found ryan.cleary@oracle.com
INFO:root:Searching for email rsrinivasan@endeca.com
INFO:root:Found email rsrinivasan@endeca.com
INFO:root:Searching for email nathan.moreau@oracle.com
INFO:root:Email not Found nathan.moreau@oracle.com
INFO:root:Searching for email rick.catalano@oracle.com
INFO:root:Email not Found rick.catalano@oracle.com
INFO:root:Searching for email sergio.tirado@societao.com
INFO:root:Email not Found sergio.tirado@societao.com
INFO:root:Searching for email carlos.benavides@societao.com
INFO:root:Email not Found carlos.benavides@societao.com
INFO:root:Searching for email jens_uwe.pipka@daimler.com
INFO:root:Email not Found jens_uwe.pipka@daimler.com
INFO:root:Searching for email andreas.horvath@daimler.com
INFO:root:Email not Found andreas.horvath@daimler.com
INFO:root:Searching for email philip.worsley@gunnebo.com
INFO:root:Email not Found philip.worsley@gunnebo.com
INFO:root:Searching for email grant.shantz@computronix.com
INFO:root:Email not Found grant.shantz@computronix.com
INFO:root:Searching for email dreid@computronix.com
INFO:root:Found email dreid@computronix.com
INFO:root:Searching for email jvogel@inflexxion.com
INFO:root:Email not Found jvogel@inflexxion.com
INFO:root:Searching for email knut.martin.tornes@knowit.no
INFO:root:Email not Found knut.martin.tornes@knowit.no
INFO:root:Searching for email fred.schiffer@bayer.com
INFO:root:Email not Found fred.schiffer@bayer.com
INFO:root:Searching for email thomas.joos@bayer.com
INFO:root:Email not Found thomas.joos@bayer.com
INFO:root:Searching for email ingar.eide@daldata.no
INFO:root:Email not Found ingar.eide@daldata.no
INFO:root:Searching for email dwierenga@valueclick.com
INFO:root:Email not Found dwierenga@valueclick.com
INFO:root:Searching for email rdunn@valueclick.com
INFO:root:Email not Found rdunn@valueclick.com
INFO:root:Searching for email gdangelo@wrberkley.com
INFO:root:Email not Found gdangelo@wrberkley.com
INFO:root:Searching for email gdangelo@wrberkley.com
INFO:root:Email not Found gdangelo@wrberkley.com
INFO:root:Searching for email tcollins@wrberkley.com
INFO:root:Email not Found tcollins@wrberkley.com
INFO:root:Searching for email jzghaib@sabis.net
INFO:root:Email not Found jzghaib@sabis.net
INFO:root:Searching for email msamaha@sabis.net
INFO:root:Email not Found msamaha@sabis.net
INFO:root:Searching for email gael.pouzerate@canaldigital.com
INFO:root:Email not Found gael.pouzerate@canaldigital.com
INFO:root:Searching for email morten.christiansen@canaldigital.com
INFO:root:Email not Found morten.christiansen@canaldigital.com
INFO:root:Searching for email henrik.n.johansson@se.abb.com
INFO:root:Email not Found henrik.n.johansson@se.abb.com
INFO:root:Searching for email jbolen@mcmcg.com
INFO:root:Email not Found jbolen@mcmcg.com
INFO:root:Searching for email nnauroth@mcmcg.com
INFO:root:Email not Found nnauroth@mcmcg.com
INFO:root:Searching for email ecorte@mcmcg.com
INFO:root:Found email ecorte@mcmcg.com
INFO:root:Searching for email cbarton@mcmcg.com
INFO:root:Email not Found cbarton@mcmcg.com
INFO:root:Searching for email elaine.ediin@mcmcg.com
INFO:root:Email not Found elaine.ediin@mcmcg.com
INFO:root:Searching for email randel.basore@mcmcg.com
INFO:root:Email not Found randel.basore@mcmcg.com
INFO:root:Searching for email bo.rydberg@saabgroup.com
INFO:root:Found email bo.rydberg@saabgroup.com
INFO:root:Searching for email samuli.kiviniemi@elisa.fi
INFO:root:Email not Found samuli.kiviniemi@elisa.fi
INFO:root:Searching for email vborch@slb.com
INFO:root:Email not Found vborch@slb.com
INFO:root:Searching for email phayes.evana@psi-corp.com
INFO:root:Email not Found phayes.evana@psi-corp.com
INFO:root:Searching for email tgriffith.evana@psi-corp.com
INFO:root:Email not Found tgriffith.evana@psi-corp.com
INFO:root:Searching for email rwire.evana@psi-corp.com
INFO:root:Email not Found rwire.evana@psi-corp.com
INFO:root:Searching for email frank.sartoris@gkndriveline.com
INFO:root:Email not Found frank.sartoris@gkndriveline.com
INFO:root:Searching for email marjo.mercado@internetbrands.com
INFO:root:Email not Found marjo.mercado@internetbrands.com
INFO:root:Searching for email mark.jean@internetbrands.com
INFO:root:Email not Found mark.jean@internetbrands.com
INFO:root:Searching for email mduduzi.keswa@bconv.com
INFO:root:Email not Found mduduzi.keswa@bconv.com
INFO:root:Searching for email shawn.sechrist@adeccona.com
INFO:root:Email not Found shawn.sechrist@adeccona.com
INFO:root:Searching for email bill.thompson@adeccona.com
INFO:root:Email not Found bill.thompson@adeccona.com
INFO:root:Searching for email roxanne.laporte@benefitmall.com
INFO:root:Email not Found roxanne.laporte@benefitmall.com
INFO:root:Searching for email timpaul@compupay.com
INFO:root:Found email timpaul@compupay.com
INFO:root:Searching for email piotr.dziedziel@assaabloy.com
INFO:root:Email not Found piotr.dziedziel@assaabloy.com
INFO:root:Searching for email marcus.alexandersson@assaabloy.com
INFO:root:Email not Found marcus.alexandersson@assaabloy.com
INFO:root:Searching for email greg.wong@activenetwork.com
INFO:root:Email not Found greg.wong@activenetwork.com
INFO:root:Searching for email jessica.milewski@activenetwork.com
INFO:root:Email not Found jessica.milewski@activenetwork.com
INFO:root:Searching for email lance.dacy@activenetwork.com
INFO:root:Found email lance.dacy@activenetwork.com
INFO:root:Searching for email ehorak@fellowshiptech.com
INFO:root:Email not Found ehorak@fellowshiptech.com
INFO:root:Searching for email sjennings@navigationsolutions.com
INFO:root:Email not Found sjennings@navigationsolutions.com
INFO:root:Searching for email sanjoy.paul@in.ibm.com
INFO:root:Email not Found sanjoy.paul@in.ibm.com
INFO:root:Searching for email zbigniew.piotrowski@damco.com
INFO:root:Email not Found zbigniew.piotrowski@damco.com
INFO:root:Searching for email shahp@zhi.com
INFO:root:Email not Found shahp@zhi.com
INFO:root:Searching for email matthew.krystof@ngc.com
INFO:root:Email not Found matthew.krystof@ngc.com
INFO:root:Searching for email erin.lesmeister@ngc.com
INFO:root:Email not Found erin.lesmeister@ngc.com
INFO:root:Searching for email joseph.biancalana@ngc.com
INFO:root:Found email joseph.biancalana@ngc.com
INFO:root:Searching for email edgard.torres@ngc.com
INFO:root:Found email edgard.torres@ngc.com
INFO:root:Searching for email oschwartz@break.com
INFO:root:Email not Found oschwartz@break.com
INFO:root:Searching for email karl_wagner@mitel.com
INFO:root:Found email karl_wagner@mitel.com
INFO:root:Searching for email trevor_poole@mitel.com
INFO:root:Email not Found trevor_poole@mitel.com
INFO:root:Searching for email jmeyer@omnipless.com
INFO:root:Email not Found jmeyer@omnipless.com
INFO:root:Searching for email bchen@gt-global.com
INFO:root:Found email bchen@gt-global.com
INFO:root:Searching for email david.hesson@crowncastle.com
INFO:root:Email not Found david.hesson@crowncastle.com
INFO:root:Searching for email michael.gardner@crowncastle.com
INFO:root:Found email michael.gardner@crowncastle.com
INFO:root:Searching for email darrell.sandfoss.contractor@crowncastle.com
INFO:root:Email not Found darrell.sandfoss.contractor@crowncastle.com
INFO:root:Searching for email ken.linck@crowncastle.com
INFO:root:Found email ken.linck@crowncastle.com
INFO:root:Searching for email cp7964@att.com
INFO:root:Email not Found cp7964@att.com
INFO:root:Searching for email lk463x@att.com
INFO:root:Email not Found lk463x@att.com
INFO:root:Searching for email robertstagg@ruggedcom.com
INFO:root:Found email robertstagg@ruggedcom.com
INFO:root:Searching for email sara.olsson@logica.com
INFO:root:Email not Found sara.olsson@logica.com
INFO:root:Searching for email jan.sall@logica.com
INFO:root:Email not Found jan.sall@logica.com
INFO:root:Searching for email petri.myllyperkio@okperinta.fi
INFO:root:Found email petri.myllyperkio@okperinta.fi
INFO:root:Searching for email brian.clulow@navy.mil
INFO:root:Email not Found brian.clulow@navy.mil
INFO:root:Searching for email dan.carr@navy.mil
INFO:root:Email not Found dan.carr@navy.mil
INFO:root:Searching for email jeffrey.salveter-taylor@interdigital.com
INFO:root:Found email jeffrey.salveter-taylor@interdigital.com
INFO:root:Searching for email robert.gazda@interdigital.com
INFO:root:Email not Found robert.gazda@interdigital.com
INFO:root:Searching for email jesus.hernandez.tapia@schneider-electric.com
INFO:root:Email not Found jesus.hernandez.tapia@schneider-electric.com
INFO:root:Searching for email anne.jones@schneider-electric.com
INFO:root:Email not Found anne.jones@schneider-electric.com
INFO:root:Searching for email art.wynans@schneider-electric.com
INFO:root:Found email art.wynans@schneider-electric.com
INFO:root:Searching for email selome.i.akoffon@ge.com
INFO:root:Email not Found selome.i.akoffon@ge.com
INFO:root:Searching for email rdepriest@dstsystems.com
INFO:root:Found email rdepriest@dstsystems.com
INFO:root:Searching for email twestervelt@dsttechnologies.com
INFO:root:Email not Found twestervelt@dsttechnologies.com
INFO:root:Searching for email rlvanbelkum@dsttechnologies.com
INFO:root:Email not Found rlvanbelkum@dsttechnologies.com
INFO:root:Searching for email dpjones@dstsystems.com
INFO:root:Email not Found dpjones@dstsystems.com
INFO:root:Searching for email pcbarkman@dstsystems.com
INFO:root:Found email pcbarkman@dstsystems.com
INFO:root:Searching for email skveskerna@dstsystems.com
INFO:root:Found email skveskerna@dstsystems.com
INFO:root:Searching for email marobertson@dstsystems.com
INFO:root:Email not Found marobertson@dstsystems.com
INFO:root:Searching for email trmcmullin@dsttechnologies.com
INFO:root:Found email trmcmullin@dsttechnologies.com
INFO:root:Searching for email kgmiller@dsttechnologies.com
INFO:root:Email not Found kgmiller@dsttechnologies.com
INFO:root:Searching for email rdepriest@dstsystems.com
INFO:root:Found email rdepriest@dstsystems.com
INFO:root:Searching for email steve.ireland@discounttire.com
INFO:root:Email not Found steve.ireland@discounttire.com
INFO:root:Searching for email brian.mericle@discounttireco.com
INFO:root:Found email brian.mericle@discounttireco.com
INFO:root:Searching for email debbie.wiese@discounttireco.com
INFO:root:Email not Found debbie.wiese@discounttireco.com
INFO:root:Searching for email mike.lee@discounttireco.com
INFO:root:Email not Found mike.lee@discounttireco.com
INFO:root:Searching for email michaeljoy@google.com
INFO:root:Email not Found michaeljoy@google.com
INFO:root:Searching for email tom.rosenbaum@sentry.com
INFO:root:Email not Found tom.rosenbaum@sentry.com
INFO:root:Searching for email joe.maes@sentry.com
INFO:root:Email not Found joe.maes@sentry.com
INFO:root:Searching for email pete.carroll@sentry.com
INFO:root:Email not Found pete.carroll@sentry.com
INFO:root:Searching for email guillaume.barthelemy@csr.com
INFO:root:Found email guillaume.barthelemy@csr.com
INFO:root:Searching for email nigel.johnson@csr.com
INFO:root:Email not Found nigel.johnson@csr.com
INFO:root:Searching for email glen.horton@pointright.com
INFO:root:Email not Found glen.horton@pointright.com
INFO:root:Searching for email robert.underwood@pointright.com
INFO:root:Email not Found robert.underwood@pointright.com
INFO:root:Searching for email ds.anand@samsung.com
INFO:root:Email not Found ds.anand@samsung.com
INFO:root:Searching for email paramesha.k@samsung.com
INFO:root:Email not Found paramesha.k@samsung.com
INFO:root:Searching for email mohamed.sadakkathulla-a@schneider-electric.com
INFO:root:Email not Found mohamed.sadakkathulla-a@schneider-electric.com
INFO:root:Searching for email ajay.bk@schneider-electric.com
INFO:root:Email not Found ajay.bk@schneider-electric.com
INFO:root:Searching for email jennifer.jennings@cms.hhs.gov
INFO:root:Email not Found jennifer.jennings@cms.hhs.gov
INFO:root:Searching for email michael.lorsbach@cms.hhs.gov
INFO:root:Email not Found michael.lorsbach@cms.hhs.gov
INFO:root:Searching for email glenn.radcliffe@cms.hhs.gov
INFO:root:Email not Found glenn.radcliffe@cms.hhs.gov
INFO:root:Searching for email nikoleta.lelis@cms.hhs.gov
INFO:root:Email not Found nikoleta.lelis@cms.hhs.gov
INFO:root:Searching for email beth_allred@rmic.com
INFO:root:Email not Found beth_allred@rmic.com
INFO:root:Searching for email ryan_stone@rmic.com
INFO:root:Email not Found ryan_stone@rmic.com
INFO:root:Searching for email winona_robertson@rmic.com
INFO:root:Email not Found winona_robertson@rmic.com
