INFO:root:Logged in OCN 
INFO:root:Searching for email it@laserfiche.com
INFO:root:Email not Found it@laserfiche.com
INFO:root:Searching for email jacob.thirion@commercebank.com
INFO:root:Found email jacob.thirion@commercebank.com
INFO:root:Searching for email bradley.williams@commercebank.com
INFO:root:Email not Found bradley.williams@commercebank.com
INFO:root:Searching for email dwestnedge@yodlee.com
INFO:root:Email not Found dwestnedge@yodlee.com
INFO:root:Searching for email mjean@line6.com
INFO:root:Email not Found mjean@line6.com
INFO:root:Searching for email hdurand@line6.com
INFO:root:Email not Found hdurand@line6.com
INFO:root:Searching for email ytaljard@minerpsolutions.com
INFO:root:Email not Found ytaljard@minerpsolutions.com
INFO:root:Searching for email veikko.juusola@m-files.com
INFO:root:Email not Found veikko.juusola@m-files.com
INFO:root:Searching for email petteri.heinonen@m-files.com
INFO:root:Email not Found petteri.heinonen@m-files.com
INFO:root:Searching for email andreas.bredesen@kongsberg.com
INFO:root:Email not Found andreas.bredesen@kongsberg.com
INFO:root:Searching for email arne.goderstad@kongsberg.com
INFO:root:Email not Found arne.goderstad@kongsberg.com
INFO:root:Searching for email stoyan.angelov@comptel.com
INFO:root:Email not Found stoyan.angelov@comptel.com
INFO:root:Searching for email peter.denev@comptel.com
INFO:root:Found email peter.denev@comptel.com
INFO:root:Searching for email gdurisch@hamilton-medical.ch
INFO:root:Found email gdurisch@hamilton-medical.ch
INFO:root:Searching for email tim.johns@dashwire.com
INFO:root:Email not Found tim.johns@dashwire.com
INFO:root:Searching for email michael.litcofsky@draeger.com
INFO:root:Found email michael.litcofsky@draeger.com
INFO:root:Searching for email luis.diaz@draeger.com
INFO:root:Email not Found luis.diaz@draeger.com
INFO:root:Searching for email sroushani@brslabs.com
INFO:root:Email not Found sroushani@brslabs.com
INFO:root:Searching for email chickox@caci.com
INFO:root:Email not Found chickox@caci.com
INFO:root:Searching for email rywatson@caci.com
INFO:root:Found email rywatson@caci.com
INFO:root:Searching for email plueders@caci.com
INFO:root:Email not Found plueders@caci.com
INFO:root:Searching for email skashfi@caci.com
INFO:root:Found email skashfi@caci.com
INFO:root:Searching for email robert.martino@ngc.com
INFO:root:Email not Found robert.martino@ngc.com
INFO:root:Searching for email stephen.sheard@dyson.com
INFO:root:Email not Found stephen.sheard@dyson.com
INFO:root:Searching for email lcurrier@irobot.com
INFO:root:Email not Found lcurrier@irobot.com
INFO:root:Searching for email rmcfatter@irobot.com
INFO:root:Email not Found rmcfatter@irobot.com
INFO:root:Searching for email tj@thermoanalytics.com
INFO:root:Email not Found tj@thermoanalytics.com
INFO:root:Searching for email mark.tudor@termana.com
INFO:root:Email not Found mark.tudor@termana.com
INFO:root:Searching for email rgeorge@alung.com
INFO:root:Found email rgeorge@alung.com
INFO:root:Searching for email stephane.lachaud@schneider-electric.com
INFO:root:Found email stephane.lachaud@schneider-electric.com
INFO:root:Searching for email li-lilian.zhang@schneider-electric.com
INFO:root:Found email li-lilian.zhang@schneider-electric.com
INFO:root:Searching for email kimberly.flynn@schneider-electric.com
INFO:root:Found email kimberly.flynn@schneider-electric.com
INFO:root:Searching for email tobias.hofmann@schneider-electric.com
INFO:root:Email not Found tobias.hofmann@schneider-electric.com
INFO:root:Searching for email frederique.digeon@schneider-electric.com
INFO:root:Found email frederique.digeon@schneider-electric.com
INFO:root:Searching for email ashwin2.kumar@schneider-electric.com
INFO:root:Found email ashwin2.kumar@schneider-electric.com
INFO:root:Searching for email christine.smith@seemis.gov.uk
INFO:root:Email not Found christine.smith@seemis.gov.uk
INFO:root:Searching for email gagan.arora@surfcam.com
INFO:root:Email not Found gagan.arora@surfcam.com
INFO:root:Searching for email towler@ccdc.cam.ac.uk
INFO:root:Found email towler@ccdc.cam.ac.uk
INFO:root:Searching for email ktaylor@ccdc.cam.ac.uk
INFO:root:Email not Found ktaylor@ccdc.cam.ac.uk
INFO:root:Searching for email ralph.goebel@raiffeisen.ch
INFO:root:Email not Found ralph.goebel@raiffeisen.ch
INFO:root:Searching for email michael.lorenzi@raiffeisen.ch
INFO:root:Found email michael.lorenzi@raiffeisen.ch
INFO:root:Searching for email gerbert.orasche@avl.com
INFO:root:Email not Found gerbert.orasche@avl.com
INFO:root:Searching for email ricklin.nelson@lfg.com
INFO:root:Email not Found ricklin.nelson@lfg.com
INFO:root:Searching for email steve.byers@lfg.com
INFO:root:Found email steve.byers@lfg.com
INFO:root:Searching for email sandra.kendrick@lmco.com
INFO:root:Email not Found sandra.kendrick@lmco.com
INFO:root:Searching for email anh.phi@lifetech.com
INFO:root:Found email anh.phi@lifetech.com
INFO:root:Searching for email randy.lagman@lifetech.com
INFO:root:Found email randy.lagman@lifetech.com
INFO:root:Searching for email conrad.berg@lifetech.com
INFO:root:Email not Found conrad.berg@lifetech.com
INFO:root:Searching for email domenico.alessi@ericsson.com
INFO:root:Found email domenico.alessi@ericsson.com
INFO:root:Searching for email david.partain@ericsson.com
INFO:root:Found email david.partain@ericsson.com
INFO:root:Searching for email isaac.campbell@ericsson.com
INFO:root:Found email isaac.campbell@ericsson.com
INFO:root:Searching for email reza.charghi@ericsson.com
INFO:root:Found email reza.charghi@ericsson.com
INFO:root:Searching for email emilio.palmiero@ericsson.com
INFO:root:Found email emilio.palmiero@ericsson.com
INFO:root:Searching for email payel.chowdhury@ericsson.com
INFO:root:Email not Found payel.chowdhury@ericsson.com
INFO:root:Searching for email michael.abramov@ericsson.com
INFO:root:Found email michael.abramov@ericsson.com
INFO:root:Searching for email sonal.das@ericsson.com
INFO:root:Found email sonal.das@ericsson.com
INFO:root:Searching for email sandip.r.roy@ericsson.com
INFO:root:Email not Found sandip.r.roy@ericsson.com
INFO:root:Searching for email dickersonp@dhw.idaho.gov
INFO:root:Found email dickersonp@dhw.idaho.gov
INFO:root:Searching for email deborah_teng@ontla.ola.org
INFO:root:Email not Found deborah_teng@ontla.ola.org
INFO:root:Searching for email kbye@mimillers.com
INFO:root:Email not Found kbye@mimillers.com
INFO:root:Searching for email todd.winegar@unisys.com
INFO:root:Found email todd.winegar@unisys.com
INFO:root:Searching for email liz.voss@simplot.com
INFO:root:Found email liz.voss@simplot.com
INFO:root:Searching for email tony.adams@simplot.com
INFO:root:Found email tony.adams@simplot.com
INFO:root:Searching for email heather.ingram@probuild.com
INFO:root:Email not Found heather.ingram@probuild.com
INFO:root:Searching for email ken.conway@probuild.com
INFO:root:Email not Found ken.conway@probuild.com
INFO:root:Searching for email jeff.crawford@probuild.com
INFO:root:Found email jeff.crawford@probuild.com
INFO:root:Searching for email tom.witmer@probuild.com
INFO:root:Email not Found tom.witmer@probuild.com
INFO:root:Searching for email rob.ford@probuild.com
INFO:root:Email not Found rob.ford@probuild.com
INFO:root:Searching for email softwareprocurement@ge.com
INFO:root:Email not Found softwareprocurement@ge.com
INFO:root:Searching for email jocelyn@pinger.com
INFO:root:Email not Found jocelyn@pinger.com
INFO:root:Searching for email mra@mjolner.dk
INFO:root:Email not Found mra@mjolner.dk
INFO:root:Searching for email david.cavender@digimarc.com
INFO:root:Email not Found david.cavender@digimarc.com
INFO:root:Searching for email curtis.childs@int.com
INFO:root:Email not Found curtis.childs@int.com
INFO:root:Searching for email hugues.thevoux@int.com
INFO:root:Email not Found hugues.thevoux@int.com
INFO:root:Searching for email s.jarratt@samsung.com
INFO:root:Email not Found s.jarratt@samsung.com
INFO:root:Searching for email outey.ky@sanofi.com
INFO:root:Email not Found outey.ky@sanofi.com
INFO:root:Searching for email laurent.thomassin@sanofi.com
INFO:root:Found email laurent.thomassin@sanofi.com
INFO:root:Searching for email pdolemieux@esri.com
INFO:root:Email not Found pdolemieux@esri.com
INFO:root:Searching for email charlton.kao@oracle.com
INFO:root:Email not Found charlton.kao@oracle.com
INFO:root:Searching for email jon.busconi@oracle.com
INFO:root:Email not Found jon.busconi@oracle.com
INFO:root:Searching for email ryan.cleary@oracle.com
INFO:root:Email not Found ryan.cleary@oracle.com
INFO:root:Searching for email nathan.moreau@oracle.com
INFO:root:Email not Found nathan.moreau@oracle.com
INFO:root:Searching for email rick.catalano@oracle.com
INFO:root:Email not Found rick.catalano@oracle.com
INFO:root:Searching for email andreas.horvath@daimler.com
INFO:root:Email not Found andreas.horvath@daimler.com
INFO:root:Searching for email philip.worsley@gunnebo.com
INFO:root:Email not Found philip.worsley@gunnebo.com
INFO:root:Searching for email fred.schiffer@bayer.com
INFO:root:Email not Found fred.schiffer@bayer.com
INFO:root:Searching for email thomas.joos@bayer.com
INFO:root:Email not Found thomas.joos@bayer.com
INFO:root:Searching for email ingar.eide@daldata.no
INFO:root:Email not Found ingar.eide@daldata.no
INFO:root:Searching for email dwierenga@valueclick.com
INFO:root:Email not Found dwierenga@valueclick.com
INFO:root:Searching for email rdunn@valueclick.com
INFO:root:Email not Found rdunn@valueclick.com
INFO:root:Searching for email gdangelo@wrberkley.com
INFO:root:Email not Found gdangelo@wrberkley.com
INFO:root:Searching for email gdangelo@wrberkley.com
INFO:root:Email not Found gdangelo@wrberkley.com
INFO:root:Searching for email tcollins@wrberkley.com
INFO:root:Email not Found tcollins@wrberkley.com
INFO:root:Searching for email jzghaib@sabis.net
INFO:root:Email not Found jzghaib@sabis.net
INFO:root:Searching for email msamaha@sabis.net
INFO:root:Email not Found msamaha@sabis.net
INFO:root:Searching for email jbolen@mcmcg.com
INFO:root:Email not Found jbolen@mcmcg.com
INFO:root:Searching for email nnauroth@mcmcg.com
INFO:root:Email not Found nnauroth@mcmcg.com
INFO:root:Searching for email cbarton@mcmcg.com
INFO:root:Email not Found cbarton@mcmcg.com
INFO:root:Searching for email randel.basore@mcmcg.com
INFO:root:Email not Found randel.basore@mcmcg.com
INFO:root:Searching for email bo.rydberg@saabgroup.com
INFO:root:Found email bo.rydberg@saabgroup.com
INFO:root:Searching for email samuli.kiviniemi@elisa.fi
INFO:root:Email not Found samuli.kiviniemi@elisa.fi
INFO:root:Searching for email phayes.evana@psi-corp.com
INFO:root:Email not Found phayes.evana@psi-corp.com
INFO:root:Searching for email tgriffith.evana@psi-corp.com
INFO:root:Email not Found tgriffith.evana@psi-corp.com
INFO:root:Searching for email rwire.evana@psi-corp.com
INFO:root:Email not Found rwire.evana@psi-corp.com
INFO:root:Searching for email mark.jean@internetbrands.com
INFO:root:Email not Found mark.jean@internetbrands.com
INFO:root:Searching for email mduduzi.keswa@bconv.com
INFO:root:Email not Found mduduzi.keswa@bconv.com
INFO:root:Searching for email shawn.sechrist@adeccona.com
INFO:root:Email not Found shawn.sechrist@adeccona.com
INFO:root:Searching for email piotr.dziedziel@assaabloy.com
INFO:root:Email not Found piotr.dziedziel@assaabloy.com
INFO:root:Searching for email marcus.alexandersson@assaabloy.com
INFO:root:Email not Found marcus.alexandersson@assaabloy.com
INFO:root:Searching for email sjennings@navigationsolutions.com
INFO:root:Email not Found sjennings@navigationsolutions.com
INFO:root:Searching for email shahp@zhi.com
INFO:root:Email not Found shahp@zhi.com
INFO:root:Searching for email edgard.torres@ngc.com
INFO:root:Found email edgard.torres@ngc.com
INFO:root:Searching for email oschwartz@break.com
INFO:root:Email not Found oschwartz@break.com
INFO:root:Searching for email karl_wagner@mitel.com
INFO:root:Found email karl_wagner@mitel.com
INFO:root:Searching for email trevor_poole@mitel.com
INFO:root:Email not Found trevor_poole@mitel.com
INFO:root:Searching for email jmeyer@omnipless.com
INFO:root:Email not Found jmeyer@omnipless.com
INFO:root:Searching for email bchen@gt-global.com
INFO:root:Found email bchen@gt-global.com
INFO:root:Searching for email michael.gardner@crowncastle.com
INFO:root:Found email michael.gardner@crowncastle.com
INFO:root:Searching for email ken.linck@crowncastle.com
INFO:root:Found email ken.linck@crowncastle.com
INFO:root:Searching for email cp7964@att.com
INFO:root:Email not Found cp7964@att.com
INFO:root:Searching for email robertstagg@ruggedcom.com
INFO:root:Found email robertstagg@ruggedcom.com
INFO:root:Searching for email jan.sall@logica.com
INFO:root:Email not Found jan.sall@logica.com
INFO:root:Searching for email brian.clulow@navy.mil
INFO:root:Email not Found brian.clulow@navy.mil
INFO:root:Searching for email dan.carr@navy.mil
INFO:root:Email not Found dan.carr@navy.mil
INFO:root:Searching for email jeffrey.salveter-taylor@interdigital.com
INFO:root:Found email jeffrey.salveter-taylor@interdigital.com
INFO:root:Searching for email anne.jones@schneider-electric.com
INFO:root:Email not Found anne.jones@schneider-electric.com
INFO:root:Searching for email art.wynans@schneider-electric.com
INFO:root:Found email art.wynans@schneider-electric.com
INFO:root:Searching for email rdepriest@dstsystems.com
INFO:root:Found email rdepriest@dstsystems.com
INFO:root:Searching for email twestervelt@dsttechnologies.com
INFO:root:Email not Found twestervelt@dsttechnologies.com
INFO:root:Searching for email rlvanbelkum@dsttechnologies.com
INFO:root:Email not Found rlvanbelkum@dsttechnologies.com
INFO:root:Searching for email dpjones@dstsystems.com
INFO:root:Email not Found dpjones@dstsystems.com
INFO:root:Searching for email pcbarkman@dstsystems.com
INFO:root:Found email pcbarkman@dstsystems.com
INFO:root:Searching for email skveskerna@dstsystems.com
INFO:root:Found email skveskerna@dstsystems.com
INFO:root:Searching for email marobertson@dstsystems.com
INFO:root:Email not Found marobertson@dstsystems.com
INFO:root:Searching for email trmcmullin@dsttechnologies.com
INFO:root:Found email trmcmullin@dsttechnologies.com
INFO:root:Searching for email kgmiller@dsttechnologies.com
INFO:root:Email not Found kgmiller@dsttechnologies.com
INFO:root:Searching for email rdepriest@dstsystems.com
INFO:root:Found email rdepriest@dstsystems.com
INFO:root:Searching for email guillaume.barthelemy@csr.com
INFO:root:Found email guillaume.barthelemy@csr.com
INFO:root:Searching for email glen.horton@pointright.com
INFO:root:Email not Found glen.horton@pointright.com
INFO:root:Searching for email robert.underwood@pointright.com
INFO:root:Email not Found robert.underwood@pointright.com
INFO:root:Searching for email paramesha.k@samsung.com
INFO:root:Email not Found paramesha.k@samsung.com
INFO:root:Searching for email mohamed.sadakkathulla-a@schneider-electric.com
INFO:root:Email not Found mohamed.sadakkathulla-a@schneider-electric.com
INFO:root:Searching for email ajay.bk@schneider-electric.com
INFO:root:Email not Found ajay.bk@schneider-electric.com
INFO:root:Searching for email michael.lorsbach@cms.hhs.gov
INFO:root:Email not Found michael.lorsbach@cms.hhs.gov
INFO:root:Searching for email glenn.radcliffe@cms.hhs.gov
INFO:root:Email not Found glenn.radcliffe@cms.hhs.gov
INFO:root:Searching for email nikoleta.lelis@cms.hhs.gov
INFO:root:Email not Found nikoleta.lelis@cms.hhs.gov
INFO:root:Searching for email beth_allred@rmic.com
INFO:root:Email not Found beth_allred@rmic.com
